TN:
SF:js\modules\character-calculations.js
FN:12,getAbilityModifier
FN:23,getProficiencyBonus
FN:40,getSkillBonus
FN:56,getPassivePerception
FN:67,getBarbarianUnarmoredAC
FN:79,getMonkUnarmoredAC
FN:93,getArmoredAC
FN:113,getLevel1HP
FN:124,getLevelUpHP
FN:137,getTotalHP
FN:150,getMulticlassHP
FNF:11
FNH:11
FNDA:1038,getAbilityModifier
FNDA:112,getProficiencyBonus
FNDA:17,getSkillBonus
FNDA:4,getPassivePerception
FNDA:4,getBarbarianUnarmoredAC
FNDA:3,getMonkUnarmoredAC
FNDA:9,getArmoredAC
FNDA:61,getLevel1HP
FNDA:460,getLevelUpHP
FNDA:5,getTotalHP
FNDA:4,getMulticlassHP
DA:13,1038
DA:14,1038
DA:15,1035
DA:24,112
DA:25,112
DA:26,97
DA:27,84
DA:28,69
DA:29,27
DA:41,17
DA:42,17
DA:44,10
DA:45,10
DA:57,4
DA:68,4
DA:69,4
DA:70,4
DA:80,3
DA:81,3
DA:82,3
DA:94,9
DA:95,9
DA:97,9
DA:98,3
DA:99,6
DA:100,3
DA:104,9
DA:114,61
DA:115,61
DA:125,460
DA:126,460
DA:127,460
DA:138,5
DA:139,3
DA:140,3
DA:141,3
DA:151,4
DA:153,2
DA:154,2
DA:155,2
DA:157,2
DA:158,3
DA:159,3
DA:161,3
DA:163,2
DA:165,2
DA:166,2
DA:167,2
DA:170,1
DA:171,1
DA:175,2
LF:51
LH:51
BRDA:13,0,0,1034
BRDA:13,0,1,4
BRDA:14,1,0,3
BRDA:14,1,1,1035
BRDA:24,2,0,112
BRDA:24,2,1,2
BRDA:25,3,0,15
BRDA:25,3,1,97
BRDA:26,4,0,13
BRDA:26,4,1,84
BRDA:27,5,0,15
BRDA:27,5,1,69
BRDA:28,6,0,42
BRDA:28,6,1,27
BRDA:40,7,0,17
BRDA:42,8,0,7
BRDA:42,8,1,10
BRDA:45,9,0,5
BRDA:45,9,1,5
BRDA:56,10,0,4
BRDA:67,11,0,4
BRDA:70,12,0,1
BRDA:70,12,1,3
BRDA:93,13,0,9
BRDA:97,14,0,3
BRDA:97,14,1,6
BRDA:99,15,0,3
BRDA:99,15,1,3
BRDA:104,16,0,2
BRDA:104,16,1,7
BRDA:138,17,0,2
BRDA:138,17,1,3
BRDA:151,18,0,2
BRDA:151,18,1,2
BRDA:151,19,0,4
BRDA:151,19,1,3
BRDA:159,20,0,0
BRDA:159,20,1,3
BRDA:161,21,0,2
BRDA:161,21,1,1
BRF:40
BRH:39
end_of_record
TN:
SF:js\modules\dice.js
FN:13,rollDie
FN:23,parseDiceNotation
FN:57,rollMultipleDice
FN:71,rollDiceNotation
FN:81,(anonymous_4)
FN:83,(anonymous_5)
FN:86,(anonymous_6)
FN:106,rollWithAdvantage
FN:127,rollWithDisadvantage
FN:147,rollAbilityScore
FN:149,(anonymous_10)
FN:152,(anonymous_11)
FN:167,rollAbilityScoreSet
FN:181,createSeededRandom
FN:183,(anonymous_14)
FNF:15
FNH:15
FNDA:624,rollDie
FNDA:22,parseDiceNotation
FNDA:128,rollMultipleDice
FNDA:7,rollDiceNotation
FNDA:6,(anonymous_4)
FNDA:1,(anonymous_5)
FNDA:10,(anonymous_6)
FNDA:3,rollWithAdvantage
FNDA:3,rollWithDisadvantage
FNDA:120,rollAbilityScore
FNDA:638,(anonymous_10)
FNDA:360,(anonymous_11)
FNDA:3,rollAbilityScoreSet
FNDA:21,createSeededRandom
FNDA:720,(anonymous_14)
DA:14,624
DA:24,22
DA:26,19
DA:29,19
DA:30,19
DA:32,16
DA:33,22
DA:34,22
DA:35,22
DA:36,22
DA:38,22
DA:39,16
DA:41,14
DA:58,128
DA:59,128
DA:60,506
DA:62,128
DA:72,7
DA:73,7
DA:75,6
DA:76,6
DA:78,6
DA:80,6
DA:81,6
DA:82,5
DA:83,1
DA:86,10
DA:87,6
DA:89,6
DA:107,3
DA:108,3
DA:109,3
DA:111,3
DA:128,3
DA:129,3
DA:130,3
DA:132,3
DA:148,120
DA:149,638
DA:150,120
DA:151,120
DA:152,360
DA:154,120
DA:168,3
DA:169,3
DA:170,18
DA:172,3
DA:182,21
DA:183,21
DA:184,720
DA:185,720
LF:51
LH:51
BRDA:13,0,0,624
BRDA:24,1,0,3
BRDA:24,1,1,19
BRDA:24,2,0,22
BRDA:24,2,1,19
BRDA:30,3,0,3
BRDA:30,3,1,16
BRDA:32,4,0,15
BRDA:32,4,1,1
BRDA:35,5,0,7
BRDA:35,5,1,9
BRDA:36,6,0,5
BRDA:36,6,1,11
BRDA:38,7,0,0
BRDA:38,7,1,22
BRDA:38,8,0,22
BRDA:38,8,1,16
BRDA:39,9,0,2
BRDA:39,9,1,14
BRDA:39,10,0,16
BRDA:39,10,1,7
BRDA:39,10,2,6
BRDA:45,11,0,3
BRDA:45,11,1,11
BRDA:46,12,0,2
BRDA:46,12,1,12
BRDA:57,13,0,128
BRDA:71,14,0,7
BRDA:73,15,0,1
BRDA:73,15,1,6
BRDA:80,16,0,1
BRDA:80,16,1,5
BRDA:82,17,0,1
BRDA:82,17,1,4
BRDA:95,18,0,6
BRDA:95,18,1,3
BRDA:96,19,0,7
BRDA:96,19,1,3
BRDA:106,20,0,3
BRDA:106,21,0,3
BRDA:127,22,0,3
BRDA:127,23,0,3
BRDA:147,24,0,120
BRDA:167,25,0,3
BRF:44
BRH:43
end_of_record
TN:
SF:js\modules\export-utils.js
FN:14,formatModifier
FN:24,generateCharacterText
FN:73,(anonymous_2)
FN:83,(anonymous_3)
FN:97,generateCharacterMarkdown
FN:149,(anonymous_5)
FN:160,(anonymous_6)
FN:175,generateCharacterJSON
FN:215,generateStatBlock
FN:235,(anonymous_9)
FN:236,(anonymous_10)
FN:247,(anonymous_11)
FN:257,(anonymous_12)
FN:270,generateInitiativeExport
FN:292,parseCharacterImport
FNF:15
FNH:14
FNDA:78,formatModifier
FNDA:8,generateCharacterText
FNDA:2,(anonymous_2)
FNDA:2,(anonymous_3)
FNDA:6,generateCharacterMarkdown
FNDA:1,(anonymous_5)
FNDA:0,(anonymous_6)
FNDA:14,generateCharacterJSON
FNDA:6,generateStatBlock
FNDA:30,(anonymous_9)
FNDA:30,(anonymous_10)
FNDA:1,(anonymous_11)
FNDA:1,(anonymous_12)
FNDA:14,generateInitiativeExport
FNDA:12,parseCharacterImport
DA:15,78
DA:16,78
DA:25,8
DA:27,7
DA:30,7
DA:31,8
DA:32,8
DA:35,8
DA:36,7
DA:37,7
DA:39,7
DA:40,7
DA:41,7
DA:42,7
DA:45,7
DA:46,7
DA:47,7
DA:48,7
DA:49,7
DA:50,7
DA:51,7
DA:52,7
DA:53,7
DA:54,7
DA:55,7
DA:59,7
DA:60,7
DA:61,7
DA:62,7
DA:63,7
DA:64,7
DA:65,7
DA:67,7
DA:70,7
DA:71,1
DA:72,1
DA:73,1
DA:74,2
DA:76,1
DA:80,7
DA:81,1
DA:82,1
DA:83,1
DA:84,2
DA:86,1
DA:89,7
DA:98,6
DA:100,5
DA:103,5
DA:104,6
DA:107,6
DA:108,6
DA:109,6
DA:110,6
DA:111,5
DA:112,5
DA:114,5
DA:115,5
DA:116,5
DA:117,5
DA:120,5
DA:121,5
DA:122,5
DA:123,5
DA:124,5
DA:125,5
DA:126,5
DA:127,5
DA:128,5
DA:129,5
DA:130,5
DA:131,5
DA:135,5
DA:136,5
DA:137,5
DA:138,5
DA:139,5
DA:140,5
DA:141,5
DA:142,5
DA:144,5
DA:147,5
DA:148,1
DA:149,1
DA:150,1
DA:151,1
DA:152,1
DA:154,1
DA:158,5
DA:159,0
DA:160,0
DA:161,0
DA:163,0
DA:166,5
DA:176,14
DA:179,12
DA:205,14
DA:216,6
DA:218,5
DA:221,5
DA:222,6
DA:223,6
DA:226,6
DA:227,6
DA:228,6
DA:229,6
DA:232,6
DA:233,5
DA:234,5
DA:235,30
DA:236,5
DA:237,30
DA:238,30
DA:239,30
DA:241,5
DA:242,5
DA:246,5
DA:247,1
DA:248,1
DA:250,1
DA:254,5
DA:255,1
DA:256,1
DA:257,1
DA:258,1
DA:262,5
DA:271,14
DA:273,12
DA:293,12
DA:294,3
DA:297,9
DA:298,9
DA:301,9
DA:302,3
DA:306,4
DA:307,2
DA:310,2
DA:312,2
LF:138
LH:134
BRDA:16,0,0,64
BRDA:16,0,1,14
BRDA:25,1,0,1
BRDA:25,1,1,7
BRDA:30,2,0,7
BRDA:30,2,1,0
BRDA:31,3,0,8
BRDA:31,3,1,0
BRDA:35,4,0,7
BRDA:35,4,1,1
BRDA:36,5,0,7
BRDA:36,5,1,0
BRDA:36,6,0,7
BRDA:36,6,1,0
BRDA:37,7,0,7
BRDA:37,7,1,0
BRDA:39,8,0,7
BRDA:39,8,1,0
BRDA:40,9,0,7
BRDA:40,9,1,0
BRDA:41,10,0,7
BRDA:41,10,1,0
BRDA:45,11,0,7
BRDA:45,11,1,0
BRDA:49,12,0,7
BRDA:49,12,1,0
BRDA:49,13,0,7
BRDA:49,13,1,0
BRDA:50,14,0,7
BRDA:50,14,1,0
BRDA:50,15,0,7
BRDA:50,15,1,0
BRDA:51,16,0,7
BRDA:51,16,1,0
BRDA:51,17,0,7
BRDA:51,17,1,0
BRDA:52,18,0,7
BRDA:52,18,1,0
BRDA:52,19,0,7
BRDA:52,19,1,0
BRDA:53,20,0,7
BRDA:53,20,1,0
BRDA:53,21,0,7
BRDA:53,21,1,0
BRDA:54,22,0,7
BRDA:54,22,1,0
BRDA:54,23,0,7
BRDA:54,23,1,0
BRDA:61,24,0,7
BRDA:61,24,1,0
BRDA:62,25,0,7
BRDA:62,25,1,0
BRDA:62,26,0,7
BRDA:62,26,1,0
BRDA:63,27,0,7
BRDA:63,27,1,0
BRDA:64,28,0,7
BRDA:64,28,1,0
BRDA:70,29,0,1
BRDA:70,29,1,6
BRDA:70,30,0,7
BRDA:70,30,1,1
BRDA:74,31,0,2
BRDA:74,31,1,0
BRDA:80,32,0,1
BRDA:80,32,1,6
BRDA:80,33,0,7
BRDA:80,33,1,1
BRDA:84,34,0,2
BRDA:84,34,1,0
BRDA:98,35,0,1
BRDA:98,35,1,5
BRDA:103,36,0,5
BRDA:103,36,1,0
BRDA:110,37,0,5
BRDA:110,37,1,1
BRDA:111,38,0,5
BRDA:111,38,1,0
BRDA:111,39,0,5
BRDA:111,39,1,0
BRDA:112,40,0,5
BRDA:112,40,1,0
BRDA:114,41,0,5
BRDA:114,41,1,0
BRDA:115,42,0,0
BRDA:115,42,1,5
BRDA:116,43,0,0
BRDA:116,43,1,5
BRDA:120,44,0,5
BRDA:120,44,1,0
BRDA:125,45,0,5
BRDA:125,45,1,0
BRDA:125,46,0,5
BRDA:125,46,1,0
BRDA:126,47,0,5
BRDA:126,47,1,0
BRDA:126,48,0,5
BRDA:126,48,1,0
BRDA:127,49,0,5
BRDA:127,49,1,0
BRDA:127,50,0,5
BRDA:127,50,1,0
BRDA:128,51,0,5
BRDA:128,51,1,0
BRDA:128,52,0,5
BRDA:128,52,1,0
BRDA:129,53,0,5
BRDA:129,53,1,0
BRDA:129,54,0,5
BRDA:129,54,1,0
BRDA:130,55,0,5
BRDA:130,55,1,0
BRDA:130,56,0,5
BRDA:130,56,1,0
BRDA:138,57,0,5
BRDA:138,57,1,0
BRDA:139,58,0,5
BRDA:139,58,1,0
BRDA:139,59,0,5
BRDA:139,59,1,5
BRDA:140,60,0,0
BRDA:140,60,1,5
BRDA:141,61,0,5
BRDA:141,61,1,0
BRDA:147,62,0,1
BRDA:147,62,1,4
BRDA:147,63,0,5
BRDA:147,63,1,1
BRDA:150,64,0,1
BRDA:150,64,1,0
BRDA:151,65,0,1
BRDA:151,65,1,0
BRDA:152,66,0,1
BRDA:152,66,1,0
BRDA:158,67,0,0
BRDA:158,67,1,5
BRDA:158,68,0,5
BRDA:158,68,1,0
BRDA:161,69,0,0
BRDA:161,69,1,0
BRDA:175,70,0,14
BRDA:176,71,0,2
BRDA:176,71,1,12
BRDA:185,72,0,12
BRDA:185,72,1,0
BRDA:193,73,0,14
BRDA:193,73,1,12
BRDA:197,74,0,12
BRDA:197,74,1,0
BRDA:198,75,0,14
BRDA:198,75,1,6
BRDA:199,76,0,14
BRDA:199,76,1,12
BRDA:200,77,0,14
BRDA:200,77,1,12
BRDA:201,78,0,14
BRDA:201,78,1,12
BRDA:205,79,0,10
BRDA:205,79,1,2
BRDA:216,80,0,1
BRDA:216,80,1,5
BRDA:221,81,0,5
BRDA:221,81,1,0
BRDA:222,82,0,6
BRDA:222,82,1,0
BRDA:222,83,0,6
BRDA:222,83,1,0
BRDA:222,84,0,6
BRDA:222,84,1,0
BRDA:226,85,0,6
BRDA:226,85,1,0
BRDA:227,86,0,6
BRDA:227,86,1,0
BRDA:227,86,2,0
BRDA:228,87,0,6
BRDA:228,87,1,0
BRDA:232,88,0,5
BRDA:232,88,1,1
BRDA:235,89,0,30
BRDA:235,89,1,0
BRDA:238,90,0,15
BRDA:238,90,1,15
BRDA:246,91,0,1
BRDA:246,91,1,4
BRDA:246,92,0,5
BRDA:246,92,1,1
BRDA:254,93,0,1
BRDA:254,93,1,4
BRDA:254,94,0,5
BRDA:254,94,1,1
BRDA:271,95,0,2
BRDA:271,95,1,12
BRDA:274,96,0,12
BRDA:274,96,1,0
BRDA:276,97,0,14
BRDA:276,97,1,2
BRDA:276,97,2,1
BRDA:277,98,0,14
BRDA:277,98,1,1
BRDA:278,99,0,14
BRDA:278,99,1,1
BRDA:279,100,0,10
BRDA:279,100,1,2
BRDA:280,101,0,10
BRDA:280,101,1,0
BRDA:293,102,0,3
BRDA:293,102,1,9
BRDA:293,103,0,12
BRDA:293,103,1,9
BRDA:301,104,0,3
BRDA:301,104,1,6
BRDA:301,105,0,9
BRDA:301,105,1,3
BRDA:306,106,0,2
BRDA:306,106,1,2
BRDA:306,107,0,4
BRDA:306,107,1,2
BRF:217
BRH:145
end_of_record
TN:
SF:js\modules\generators.js
FN:13,createSeededRandom
FN:15,(anonymous_1)
FN:27,pickRandom
FN:40,pickMultipleRandom
FN:61,randomInt
FN:71,rollOnWeightedTable
FN:74,(anonymous_6)
FN:120,generateNPC
FN:173,generateShopInventory
FN:254,generateLoot
FN:309,generateName
FN:341,generateTavern
FNF:12
FNH:12
FNDA:146,createSeededRandom
FNDA:507,(anonymous_1)
FNDA:155,pickRandom
FNDA:5,pickMultipleRandom
FNDA:1146,randomInt
FNDA:110,rollOnWeightedTable
FNDA:237,(anonymous_6)
FNDA:16,generateNPC
FNDA:7,generateShopInventory
FNDA:4,generateLoot
FNDA:12,generateName
FNDA:6,generateTavern
DA:14,146
DA:15,146
DA:16,507
DA:17,507
DA:28,155
DA:29,153
DA:30,153
DA:41,5
DA:42,3
DA:43,3
DA:44,3
DA:46,3
DA:47,11
DA:48,11
DA:51,3
DA:62,1146
DA:72,110
DA:74,237
DA:75,108
DA:77,108
DA:78,215
DA:79,215
DA:80,108
DA:84,0
DA:91,2
DA:121,16
DA:134,2
DA:174,7
DA:176,7
DA:178,3
DA:179,3
DA:181,3
DA:182,3
DA:184,0
DA:185,0
DA:188,1
DA:194,7
DA:195,7
DA:197,7
DA:199,28
DA:201,28
DA:202,52
DA:203,52
DA:206,28
DA:207,28
DA:208,28
DA:216,7
DA:223,2
DA:255,4
DA:256,4
DA:258,4
DA:260,4
DA:261,7
DA:263,7
DA:264,1
DA:265,1
DA:266,1
DA:267,1
DA:268,1
DA:274,6
DA:278,4
DA:285,2
DA:310,12
DA:312,12
DA:313,12
DA:315,12
DA:316,1
DA:317,1
DA:320,12
DA:321,12
DA:323,12
DA:330,2
DA:342,6
DA:343,6
DA:345,6
LF:75
LH:72
BRDA:27,0,0,155
BRDA:28,1,0,2
BRDA:28,1,1,153
BRDA:28,2,0,155
BRDA:28,2,1,154
BRDA:40,3,0,5
BRDA:41,4,0,2
BRDA:41,4,1,3
BRDA:41,5,0,5
BRDA:41,5,1,4
BRDA:61,6,0,1146
BRDA:71,7,0,110
BRDA:72,8,0,2
BRDA:72,8,1,108
BRDA:72,9,0,110
BRDA:72,9,1,109
BRDA:74,10,0,237
BRDA:74,10,1,0
BRDA:78,11,0,215
BRDA:78,11,1,0
BRDA:79,12,0,108
BRDA:79,12,1,107
BRDA:120,13,0,16
BRDA:120,14,0,16
BRDA:125,15,0,16
BRDA:125,15,1,7
BRDA:126,16,0,16
BRDA:126,16,1,16
BRDA:173,17,0,7
BRDA:173,18,0,7
BRDA:176,19,0,3
BRDA:176,19,1,3
BRDA:176,19,2,0
BRDA:176,19,3,1
BRDA:176,19,4,1
BRDA:204,20,0,28
BRDA:204,20,1,24
BRDA:206,21,0,28
BRDA:206,21,1,0
BRDA:254,22,0,4
BRDA:254,23,0,4
BRDA:254,24,0,4
BRDA:256,25,0,4
BRDA:256,25,1,1
BRDA:263,26,0,1
BRDA:263,26,1,6
BRDA:266,27,0,1
BRDA:266,27,1,0
BRDA:266,28,0,1
BRDA:266,28,1,1
BRDA:270,29,0,1
BRDA:270,29,1,1
BRDA:309,30,0,12
BRDA:309,31,0,12
BRDA:309,32,0,12
BRDA:310,33,0,12
BRDA:310,33,1,1
BRDA:315,34,0,1
BRDA:315,34,1,11
BRDA:315,35,0,12
BRDA:315,35,1,2
BRDA:317,36,0,1
BRDA:317,36,1,0
BRDA:341,37,0,6
BRF:64
BRH:58
end_of_record
TN:
SF:js\modules\initiative-calculations.js
FN:12,sortByInitiative
FN:13,(anonymous_1)
FN:21,sortByInitiativeWithTieBreaker
FN:22,(anonymous_3)
FN:37,processDeathSave
FN:80,getConcentrationDC
FN:92,adjustHP
FN:137,checkInstantDeath
FN:147,getInitiativeBonus
FNF:9
FNH:9
FNDA:11,sortByInitiative
FNDA:38,(anonymous_1)
FNDA:6,sortByInitiativeWithTieBreaker
FNDA:6,(anonymous_3)
FNDA:25,processDeathSave
FNDA:21,getConcentrationDC
FNDA:20,adjustHP
FNDA:10,checkInstantDeath
FNDA:10,getInitiativeBonus
DA:13,38
DA:22,6
DA:23,6
DA:24,2
DA:27,4
DA:38,25
DA:39,25
DA:40,25
DA:41,25
DA:42,25
DA:44,25
DA:46,2
DA:47,2
DA:48,2
DA:49,2
DA:50,23
DA:52,5
DA:53,18
DA:55,12
DA:58,6
DA:62,25
DA:63,3
DA:64,3
DA:66,25
DA:67,5
DA:68,5
DA:71,25
DA:81,21
DA:93,20
DA:94,20
DA:95,20
DA:97,20
DA:99,7
DA:102,13
DA:104,13
DA:105,4
DA:106,2
DA:107,2
DA:109,2
DA:110,2
DA:114,13
DA:117,13
DA:118,6
DA:119,6
DA:123,20
DA:138,10
DA:148,10
DA:149,10
LF:48
LH:48
BRDA:23,0,0,2
BRDA:23,0,1,4
BRDA:27,1,0,4
BRDA:27,1,1,2
BRDA:27,2,0,6
BRDA:27,2,1,0
BRDA:37,3,0,25
BRDA:38,4,0,25
BRDA:38,4,1,12
BRDA:39,5,0,25
BRDA:39,5,1,13
BRDA:44,6,0,2
BRDA:44,6,1,23
BRDA:50,7,0,5
BRDA:50,7,1,18
BRDA:53,8,0,12
BRDA:53,8,1,6
BRDA:62,9,0,3
BRDA:62,9,1,22
BRDA:66,10,0,5
BRDA:66,10,1,20
BRDA:97,11,0,7
BRDA:97,11,1,13
BRDA:104,12,0,4
BRDA:104,12,1,9
BRDA:105,13,0,2
BRDA:105,13,1,2
BRDA:117,14,0,6
BRDA:117,14,1,7
BRDA:147,15,0,10
BRF:30
BRH:29
end_of_record
TN:
SF:js\modules\level-up-calculations.js
FN:80,canMulticlass
FN:130,getCasterLevel
FN:172,getSpellSlots
FN:183,getASICount
FN:190,(anonymous_4)
FN:194,(anonymous_5)
FN:215,getTotalLevel
FN:216,(anonymous_7)
FN:224,getProficiencyBonusFromLevel
FNF:9
FNH:9
FNDA:12,canMulticlass
FNDA:46,getCasterLevel
FNDA:28,getSpellSlots
FNDA:35,getASICount
FNDA:185,(anonymous_4)
FNDA:28,(anonymous_5)
FNDA:8,getTotalLevel
FNDA:10,(anonymous_7)
FNDA:50,getProficiencyBonusFromLevel
DA:10,2
DA:29,2
DA:50,2
DA:81,12
DA:82,12
DA:83,1
DA:86,11
DA:89,11
DA:90,5
DA:91,1
DA:94,6
DA:95,8
DA:96,4
DA:102,11
DA:103,2
DA:104,2
DA:106,2
DA:107,0
DA:108,0
DA:111,2
DA:112,4
DA:113,4
DA:119,11
DA:131,46
DA:133,46
DA:134,54
DA:137,54
DA:140,52
DA:141,36
DA:142,36
DA:146,16
DA:147,8
DA:148,8
DA:152,8
DA:153,3
DA:154,3
DA:158,5
DA:159,3
DA:160,3
DA:164,46
DA:173,28
DA:174,28
DA:175,27
DA:184,35
DA:186,35
DA:187,37
DA:190,185
DA:193,37
DA:194,28
DA:195,14
DA:198,23
DA:199,8
DA:200,8
DA:203,15
DA:207,35
DA:216,10
DA:225,50
DA:226,40
DA:227,30
DA:228,20
DA:229,10
LF:61
LH:59
BRDA:80,0,0,12
BRDA:82,1,0,1
BRDA:82,1,1,11
BRDA:89,2,0,5
BRDA:89,2,1,6
BRDA:90,3,0,1
BRDA:90,3,1,4
BRDA:90,4,0,5
BRDA:90,4,1,3
BRDA:90,5,0,5
BRDA:90,5,1,0
BRDA:90,6,0,3
BRDA:90,6,1,0
BRDA:95,7,0,4
BRDA:95,7,1,4
BRDA:95,8,0,8
BRDA:95,8,1,0
BRDA:104,9,0,0
BRDA:104,9,1,2
BRDA:106,10,0,0
BRDA:106,10,1,2
BRDA:107,11,0,0
BRDA:107,11,1,0
BRDA:107,12,0,0
BRDA:107,12,1,0
BRDA:107,13,0,0
BRDA:107,13,1,0
BRDA:107,14,0,0
BRDA:107,14,1,0
BRDA:112,15,0,4
BRDA:112,15,1,0
BRDA:112,16,0,4
BRDA:112,16,1,0
BRDA:137,17,0,2
BRDA:137,17,1,52
BRDA:140,18,0,36
BRDA:140,18,1,16
BRDA:146,19,0,8
BRDA:146,19,1,8
BRDA:152,20,0,3
BRDA:152,20,1,5
BRDA:158,21,0,3
BRDA:158,21,1,2
BRDA:158,22,0,5
BRDA:158,22,1,3
BRDA:174,23,0,1
BRDA:174,23,1,27
BRDA:175,24,0,27
BRDA:175,24,1,0
BRDA:193,25,0,14
BRDA:193,25,1,23
BRDA:198,26,0,8
BRDA:198,26,1,15
BRDA:199,27,0,6
BRDA:199,27,1,2
BRDA:216,28,0,10
BRDA:216,28,1,1
BRDA:225,29,0,10
BRDA:225,29,1,40
BRDA:226,30,0,10
BRDA:226,30,1,30
BRDA:227,31,0,10
BRDA:227,31,1,20
BRDA:228,32,0,10
BRDA:228,32,1,10
BRF:65
BRH:49
end_of_record
TN:
SF:js\modules\spell-utils.js
FN:67,useSpellSlot
FN:89,restoreSpellSlot
FN:109,restoreAllSpellSlots
FN:119,filterSpellsByClass
FN:120,(anonymous_4)
FN:131,filterSpellsByLevel
FN:132,(anonymous_6)
FN:141,filterSpellsBySchool
FN:142,(anonymous_8)
FN:153,canCastAsRitual
FN:169,isConcentrationSpell
FN:183,getMaxSpellLevel
FN:241,getOrdinalSuffix
FNF:13
FNH:13
FNDA:15,useSpellSlot
FNDA:4,restoreSpellSlot
FNDA:1,restoreAllSpellSlots
FNDA:3,filterSpellsByClass
FNDA:12,(anonymous_4)
FNDA:3,filterSpellsByLevel
FNDA:12,(anonymous_6)
FNDA:2,filterSpellsBySchool
FNDA:6,(anonymous_8)
FNDA:7,canCastAsRitual
FNDA:4,isConcentrationSpell
FNDA:41,getMaxSpellLevel
FNDA:13,getOrdinalSuffix
DA:11,3
DA:38,3
DA:68,15
DA:69,3
DA:72,12
DA:73,12
DA:74,1
DA:77,11
DA:78,11
DA:79,11
DA:90,4
DA:91,2
DA:94,2
DA:95,2
DA:96,1
DA:99,1
DA:100,1
DA:101,1
DA:110,1
DA:120,3
DA:121,12
DA:132,12
DA:142,2
DA:143,6
DA:154,7
DA:157,6
DA:161,6
DA:170,4
DA:171,3
DA:172,3
DA:174,0
DA:185,41
DA:186,6
DA:190,35
DA:191,19
DA:192,15
DA:193,14
DA:194,13
DA:195,12
DA:196,9
DA:197,8
DA:198,6
DA:199,4
DA:200,0
DA:204,16
DA:205,8
DA:206,5
DA:207,5
DA:208,5
DA:209,4
DA:210,2
DA:214,8
DA:215,6
DA:216,2
DA:217,2
DA:218,2
DA:219,2
DA:220,0
DA:224,2
DA:225,2
DA:226,1
DA:227,1
DA:228,1
DA:229,1
DA:230,0
DA:233,0
DA:242,13
DA:243,13
DA:244,13
LF:69
LH:64
BRDA:68,0,0,3
BRDA:68,0,1,12
BRDA:68,1,0,15
BRDA:68,1,1,13
BRDA:73,2,0,1
BRDA:73,2,1,11
BRDA:90,3,0,2
BRDA:90,3,1,2
BRDA:90,4,0,4
BRDA:90,4,1,3
BRDA:95,5,0,1
BRDA:95,5,1,1
BRDA:121,6,0,12
BRDA:121,6,1,12
BRDA:143,7,0,6
BRDA:143,7,1,6
BRDA:154,8,0,1
BRDA:154,8,1,6
BRDA:170,9,0,1
BRDA:170,9,1,3
BRDA:171,10,0,3
BRDA:171,10,1,0
BRDA:185,11,0,6
BRDA:185,11,1,35
BRDA:190,12,0,19
BRDA:190,12,1,16
BRDA:191,13,0,4
BRDA:191,13,1,15
BRDA:192,14,0,1
BRDA:192,14,1,14
BRDA:193,15,0,1
BRDA:193,15,1,13
BRDA:194,16,0,1
BRDA:194,16,1,12
BRDA:195,17,0,3
BRDA:195,17,1,9
BRDA:196,18,0,1
BRDA:196,18,1,8
BRDA:197,19,0,2
BRDA:197,19,1,6
BRDA:198,20,0,2
BRDA:198,20,1,4
BRDA:199,21,0,4
BRDA:199,21,1,0
BRDA:204,22,0,8
BRDA:204,22,1,8
BRDA:205,23,0,3
BRDA:205,23,1,5
BRDA:206,24,0,0
BRDA:206,24,1,5
BRDA:207,25,0,0
BRDA:207,25,1,5
BRDA:208,26,0,1
BRDA:208,26,1,4
BRDA:209,27,0,2
BRDA:209,27,1,2
BRDA:214,28,0,6
BRDA:214,28,1,2
BRDA:215,29,0,4
BRDA:215,29,1,2
BRDA:216,30,0,0
BRDA:216,30,1,2
BRDA:217,31,0,0
BRDA:217,31,1,2
BRDA:218,32,0,0
BRDA:218,32,1,2
BRDA:219,33,0,2
BRDA:219,33,1,0
BRDA:224,34,0,2
BRDA:224,34,1,0
BRDA:225,35,0,1
BRDA:225,35,1,1
BRDA:226,36,0,0
BRDA:226,36,1,1
BRDA:227,37,0,0
BRDA:227,37,1,1
BRDA:228,38,0,0
BRDA:228,38,1,1
BRDA:229,39,0,1
BRDA:229,39,1,0
BRDA:244,40,0,13
BRDA:244,40,1,13
BRDA:244,40,2,6
BRF:83
BRH:70
end_of_record
TN:
SF:js\modules\storage.js
FN:12,serializeCharacter
FN:22,deserializeCharacter
FN:37,serializeCharacterList
FN:47,deserializeCharacterList
FN:62,generateCharacterId
FN:73,validateCharacterForStorage
FN:100,createLocalStorageAdapter
FN:102,(anonymous_7)
FN:108,(anonymous_8)
FN:113,(anonymous_9)
FN:115,(anonymous_10)
FN:124,(anonymous_11)
FN:126,(anonymous_12)
FN:130,(anonymous_13)
FN:132,(anonymous_14)
FN:135,(anonymous_15)
FN:147,migrateCharacterData
FN:187,checkCharacterCorruption
FNF:18
FNH:18
FNDA:15,serializeCharacter
FNDA:17,deserializeCharacter
FNDA:55,serializeCharacterList
FNDA:72,deserializeCharacterList
FNDA:271,generateCharacterId
FNDA:9,validateCharacterForStorage
FNDA:66,createLocalStorageAdapter
FNDA:52,(anonymous_7)
FNDA:65,(anonymous_8)
FNDA:15,(anonymous_9)
FNDA:9,(anonymous_10)
FNDA:4,(anonymous_11)
FNDA:7,(anonymous_12)
FNDA:18,(anonymous_13)
FNDA:17,(anonymous_14)
FNDA:3,(anonymous_15)
FNDA:13,migrateCharacterData
FNDA:8,checkCharacterCorruption
DA:13,15
DA:14,13
DA:23,17
DA:24,13
DA:25,13
DA:26,13
DA:28,3
DA:38,55
DA:39,53
DA:48,72
DA:49,58
DA:50,58
DA:51,58
DA:53,3
DA:63,271
DA:64,271
DA:65,271
DA:74,9
DA:76,9
DA:77,2
DA:80,7
DA:81,2
DA:84,7
DA:85,3
DA:88,7
DA:101,66
DA:103,52
DA:104,52
DA:105,52
DA:109,65
DA:110,65
DA:114,15
DA:115,15
DA:116,15
DA:117,5
DA:119,10
DA:121,15
DA:125,4
DA:126,7
DA:127,4
DA:131,18
DA:132,18
DA:136,3
DA:137,3
DA:148,13
DA:150,11
DA:153,11
DA:154,7
DA:158,11
DA:159,3
DA:170,11
DA:171,1
DA:175,11
DA:176,11
DA:179,11
DA:188,8
DA:190,8
DA:191,1
DA:195,7
DA:196,7
DA:198,1
DA:202,7
DA:203,2
DA:204,2
DA:205,2
DA:210,7
DA:211,2
DA:214,7
LF:68
LH:68
BRDA:13,0,0,2
BRDA:13,0,1,13
BRDA:23,1,0,4
BRDA:23,1,1,13
BRDA:23,2,0,17
BRDA:23,2,1,13
BRDA:26,3,0,8
BRDA:26,3,1,2
BRDA:38,4,0,2
BRDA:38,4,1,53
BRDA:48,5,0,14
BRDA:48,5,1,58
BRDA:48,6,0,72
BRDA:48,6,1,58
BRDA:51,7,0,54
BRDA:51,7,1,1
BRDA:62,8,0,271
BRDA:76,9,0,2
BRDA:76,9,1,7
BRDA:76,10,0,9
BRDA:76,10,1,8
BRDA:80,11,0,2
BRDA:80,11,1,5
BRDA:84,12,0,3
BRDA:84,12,1,4
BRDA:84,13,0,7
BRDA:84,13,1,5
BRDA:84,13,2,5
BRDA:116,14,0,5
BRDA:116,14,1,10
BRDA:132,15,0,18
BRDA:132,15,1,3
BRDA:148,16,0,2
BRDA:148,16,1,11
BRDA:153,17,0,7
BRDA:153,17,1,4
BRDA:158,18,0,3
BRDA:158,18,1,8
BRDA:158,19,0,11
BRDA:158,19,1,8
BRDA:158,19,2,5
BRDA:160,20,0,3
BRDA:160,20,1,0
BRDA:160,20,2,0
BRDA:161,21,0,3
BRDA:161,21,1,0
BRDA:161,21,2,0
BRDA:162,22,0,3
BRDA:162,22,1,1
BRDA:162,22,2,1
BRDA:163,23,0,3
BRDA:163,23,1,1
BRDA:163,23,2,1
BRDA:164,24,0,3
BRDA:164,24,1,1
BRDA:164,24,2,1
BRDA:165,25,0,3
BRDA:165,25,1,1
BRDA:165,25,2,1
BRDA:170,26,0,1
BRDA:170,26,1,10
BRDA:171,27,0,1
BRDA:171,27,1,0
BRDA:175,28,0,11
BRDA:175,28,1,0
BRDA:190,29,0,1
BRDA:190,29,1,7
BRDA:190,30,0,8
BRDA:190,30,1,7
BRDA:202,31,0,2
BRDA:202,31,1,5
BRDA:202,32,0,7
BRDA:202,32,1,2
BRDA:204,33,0,2
BRDA:204,33,1,0
BRDA:210,34,0,2
BRDA:210,34,1,5
BRF:77
BRH:70
end_of_record
TN:
SF:js\modules\validation.js
FN:12,validateCharacterName
FN:36,validateAbilityScore
FN:63,validateAllAbilityScores
FN:92,validateLevel
FN:120,validateHitPoints
FN:147,validateArmorClass
FN:191,validateClass
FN:213,validateRace
FN:236,validateCharacter
FN:302,sanitizeFilename
FNF:10
FNH:10
FNDA:48,validateCharacterName
FNDA:259,validateAbilityScore
FNDA:41,validateAllAbilityScores
FNDA:70,validateLevel
FNDA:41,validateHitPoints
FNDA:7,validateArmorClass
FNDA:69,validateClass
FNDA:41,validateRace
FNDA:38,validateCharacter
FNDA:9,sanitizeFilename
DA:13,48
DA:14,7
DA:17,41
DA:19,41
DA:20,1
DA:23,40
DA:24,2
DA:27,38
DA:37,259
DA:39,259
DA:40,12
DA:43,247
DA:44,2
DA:47,245
DA:48,5
DA:51,240
DA:52,6
DA:55,234
DA:64,41
DA:73,41
DA:74,41
DA:76,41
DA:77,246
DA:78,246
DA:79,16
DA:80,16
DA:84,41
DA:93,70
DA:95,70
DA:96,1
DA:99,69
DA:100,1
DA:103,68
DA:104,4
DA:107,64
DA:108,5
DA:111,59
DA:121,41
DA:123,41
DA:124,41
DA:126,41
DA:127,2
DA:130,41
DA:131,0
DA:132,41
DA:133,2
DA:136,41
DA:148,7
DA:150,7
DA:151,1
DA:154,6
DA:155,2
DA:158,4
DA:159,1
DA:162,3
DA:168,5
DA:177,5
DA:192,69
DA:193,2
DA:196,67
DA:199,67
DA:201,67
DA:202,4
DA:205,63
DA:214,41
DA:215,1
DA:218,40
DA:221,40
DA:224,40
DA:225,1
DA:228,39
DA:237,38
DA:238,38
DA:240,38
DA:241,1
DA:245,37
DA:246,37
DA:247,3
DA:248,3
DA:252,37
DA:253,37
DA:254,2
DA:255,2
DA:259,37
DA:260,36
DA:261,36
DA:262,1
DA:263,1
DA:268,37
DA:269,32
DA:270,32
DA:271,0
DA:272,0
DA:277,37
DA:278,36
DA:279,36
DA:280,2
DA:281,2
DA:286,37
DA:287,35
DA:288,35
DA:289,0
DA:290,0
DA:294,37
DA:303,9
DA:305,6
LF:106
LH:101
BRDA:13,0,0,7
BRDA:13,0,1,41
BRDA:13,1,0,48
BRDA:13,1,1,41
BRDA:19,2,0,1
BRDA:19,2,1,40
BRDA:23,3,0,2
BRDA:23,3,1,38
BRDA:36,4,0,259
BRDA:39,5,0,12
BRDA:39,5,1,247
BRDA:43,6,0,2
BRDA:43,6,1,245
BRDA:47,7,0,5
BRDA:47,7,1,240
BRDA:51,8,0,6
BRDA:51,8,1,234
BRDA:78,9,0,16
BRDA:78,9,1,230
BRDA:95,10,0,1
BRDA:95,10,1,69
BRDA:99,11,0,1
BRDA:99,11,1,68
BRDA:103,12,0,4
BRDA:103,12,1,64
BRDA:107,13,0,5
BRDA:107,13,1,59
BRDA:126,14,0,2
BRDA:126,14,1,39
BRDA:126,15,0,41
BRDA:126,15,1,41
BRDA:130,16,0,0
BRDA:130,16,1,41
BRDA:132,17,0,2
BRDA:132,17,1,39
BRDA:150,18,0,1
BRDA:150,18,1,6
BRDA:154,19,0,2
BRDA:154,19,1,4
BRDA:158,20,0,1
BRDA:158,20,1,3
BRDA:192,21,0,2
BRDA:192,21,1,67
BRDA:192,22,0,69
BRDA:192,22,1,67
BRDA:201,23,0,4
BRDA:201,23,1,63
BRDA:214,24,0,1
BRDA:214,24,1,40
BRDA:214,25,0,41
BRDA:214,25,1,40
BRDA:224,26,0,1
BRDA:224,26,1,39
BRDA:240,27,0,1
BRDA:240,27,1,37
BRDA:240,28,0,38
BRDA:240,28,1,37
BRDA:246,29,0,3
BRDA:246,29,1,34
BRDA:253,30,0,2
BRDA:253,30,1,35
BRDA:259,31,0,36
BRDA:259,31,1,1
BRDA:259,32,0,37
BRDA:259,32,1,1
BRDA:260,33,0,36
BRDA:260,33,1,0
BRDA:261,34,0,1
BRDA:261,34,1,35
BRDA:268,35,0,32
BRDA:268,35,1,5
BRDA:270,36,0,0
BRDA:270,36,1,32
BRDA:277,37,0,36
BRDA:277,37,1,1
BRDA:279,38,0,2
BRDA:279,38,1,34
BRDA:286,39,0,35
BRDA:286,39,1,2
BRDA:288,40,0,0
BRDA:288,40,1,35
BRDA:303,41,0,3
BRDA:303,41,1,6
BRDA:303,42,0,9
BRDA:303,42,1,6
BRDA:305,43,0,6
BRDA:305,43,1,0
BRF:87
BRH:82
end_of_record
